<?xml version="1.0" encoding="UTF-8"?><testsuite errors="1" failures="2" name="Results Entry" skipped="0" tests="9" time="241.29" timestamp="2023-03-16 10:36:02"><testcase name="Accessing Results Entry"/><testcase name="Searching for test result entry forms"/><testcase name="Results Entry Set-up"/><testcase name="Entering Test Results"/><testcase name="Overall Page"><failure type="java.lang.AssertionError"/><system-err>null
org.openelisglobal.qaframework.automation.ResultsEntrySteps.saveSuccesMessageAppears(ResultsEntrySteps.java:448)
✽.Save results in new page and green ,Save was successful, message appears(file:///home/runner/work/openelis-qaframework/openelis-qaframework/src/features/openelis/resultEntry.feature:95)
</system-err></testcase><testcase name="Verification"><failure type="java.lang.AssertionError"/><system-err>null
org.openelisglobal.qaframework.automation.ResultsEntrySteps.resultsAppearOnThePatientsResultsPageAsEntered(ResultsEntrySteps.java:482)
✽.Results appear on the Search By Patient Page as entered(file:///home/runner/work/openelis-qaframework/openelis-qaframework/src/features/openelis/resultEntry.feature:108)
</system-err></testcase><testcase name="Accept As Is functionality"/><testcase name="Verification"/><testcase name="Changing Results"><error message="Cannot locate element with text: Molecular Biology&#10;For documentation on this error, please visit: https://www.seleniumhq.org/exceptions/no_such_element.html&#10;Build info: version: '3.141.59', revision: 'e82be7d358', time: '2018-11-14T08:17:03'&#10;System info: host: 'fv-az357-439', ip: '10.1.0.72', os.name: 'Linux', os.arch: 'amd64', os.version: '5.15.0-1034-azure', java.version: '1.8.0_362'&#10;Driver info: driver.version: unknown&#10;For documentation on this error, please visit: https://www.seleniumhq.org/exceptions/no_such_element.html&#10;Build info: version: '3.141.59', revision: 'e82be7d358', time: '2018-11-14T08:17:03'&#10;System info: host: 'fv-az357-439', ip: '10.1.0.72', os.name: 'Linux', os.arch: 'amd64', os.version: '5.15.0-1034-azure', java.version: '1.8.0_362'&#10;Driver info: driver.version: unknown" type="org.openqa.selenium.NoSuchElementException">Cannot locate element with text: Molecular Biology
For documentation on this error, please visit: https://www.seleniumhq.org/exceptions/no_such_element.html
Build info: version: '3.141.59', revision: 'e82be7d358', time: '2018-11-14T08:17:03'
System info: host: 'fv-az357-439', ip: '10.1.0.72', os.name: 'Linux', os.arch: 'amd64', os.version: '5.15.0-1034-azure', java.version: '1.8.0_362'
Driver info: driver.version: unknown
For documentation on this error, please visit: https://www.seleniumhq.org/exceptions/no_such_element.html
Build info: version: '3.141.59', revision: 'e82be7d358', time: '2018-11-14T08:17:03'
System info: host: 'fv-az357-439', ip: '10.1.0.72', os.name: 'Linux', os.arch: 'amd64', os.version: '5.15.0-1034-azure', java.version: '1.8.0_362'
Driver info: driver.version: unknown</error><system-err>Cannot locate element with text: Molecular Biology
For documentation on this error, please visit: https://www.seleniumhq.org/exceptions/no_such_element.html
Build info: version: '3.141.59', revision: 'e82be7d358', time: '2018-11-14T08:17:03'
System info: host: 'fv-az357-439', ip: '10.1.0.72', os.name: 'Linux', os.arch: 'amd64', os.version: '5.15.0-1034-azure', java.version: '1.8.0_362'
Driver info: driver.version: unknown
For documentation on this error, please visit: https://www.seleniumhq.org/exceptions/no_such_element.html
Build info: version: '3.141.59', revision: 'e82be7d358', time: '2018-11-14T08:17:03'
System info: host: 'fv-az357-439', ip: '10.1.0.72', os.name: 'Linux', os.arch: 'amd64', os.version: '5.15.0-1034-azure', java.version: '1.8.0_362'
Driver info: driver.version: unknown
org.openelisglobal.qaframework.automation.page.Page.selectFrom(Page.java:275)
org.openelisglobal.qaframework.automation.page.ResultValidationPage.selectUnitType(ResultValidationPage.java:60)
org.openelisglobal.qaframework.automation.ResultsEntrySteps.goToValidationPage(ResultsEntrySteps.java:642)
✽.User Goes to Validation page for correct unit "Molecular Biology"(file:///home/runner/work/openelis-qaframework/openelis-qaframework/src/features/openelis/resultEntry.feature:154)
</system-err></testcase></testsuite>