<?xml version="1.0" encoding="UTF-8"?><testsuite errors="0" failures="0" name="Test Management Feature" skipped="0" tests="10" time="169.32" timestamp="2023-03-27 09:14:34"><testcase name="Validate list items in Test Management menu"/><testcase name="Open Rename Existing Test Names page"/><testcase name="User rejects the testName updates"/><testcase name="User cancels the testName updates"/><testcase name="Add new tests"/><testcase name="Verify Added new testName"/><testcase name="Modify test details"/></testsuite>