<?xml version="1.0" encoding="UTF-8"?><testsuite errors="0" failures="1" name="Patient Entry" skipped="0" tests="4" time="169.97" timestamp="2023-03-16 11:01:29"><testcase name="Patient Search"/><testcase name="Patient Information"/><testcase name="Overall Page"/><testcase name="Verification"><failure message="expected:&lt;[ug013]&gt; but was:&lt;[201507D35004f5ca8-54ab-4c2c-b773-c0be49c4f1fc]&gt;" type="java.lang.AssertionError">expected:&lt;[ug013]&gt; but was:&lt;[201507D35004f5ca8-54ab-4c2c-b773-c0be49c4f1fc]&gt;</failure><system-err>expected:&lt;[ug013]&gt; but was:&lt;[201507D35004f5ca8-54ab-4c2c-b773-c0be49c4f1fc]&gt;
org.openelisglobal.qaframework.automation.PatientEntrySteps.correctPatientInformationPatientIdentificationNoSubjectNumberLastNameFirstNameAddressDateOfBirthAgeGenderMaritalStatusAndNationalityAppearsWhenSearchedFor(PatientEntrySteps.java:521)
✽.Correct patient information ,patient Identification no "ug013",subject number "oe013" last name "moses" , first name "mutesasira", address "Gayaza", date of birth "09/02/2019" , Age "4", Gender "1 = Male" , maritalStatus "DNA" and nationality "uganda" appears when searched for(file:///home/runner/work/openelis-qaframework/openelis-qaframework/src/features/openelis/patientEntry.feature:79)
</system-err></testcase></testsuite>