<?xml version="1.0" encoding="UTF-8"?><testsuite errors="0" failures="1" name="Test Management Feature" skipped="0" tests="10" time="146.63" timestamp="2023-07-01 07:32:37"><testcase name="Validate list items in Test Management menu"/><testcase name="Open Rename Existing Test Names page"/><testcase name="User rejects the testName updates"/><testcase name="User cancels the testName updates"/><testcase name="Add new tests"><failure type="java.lang.AssertionError"/><system-err>null
org.openelisglobal.qaframework.automation.TestManagementSteps.userSelectsOneMoreTypeFromSampleTypeDropdownOptions(TestManagementSteps.java:276)
✽.User selects one more type from SampleType dropdown options(file:///home/runner/work/openelis-qaframework/openelis-qaframework/src/features/openelis/testManagement.feature:104)
</system-err></testcase><testcase name="Verify Added new testName"/><testcase name="Modify test details"/></testsuite>