<?xml version="1.0" encoding="UTF-8"?><testsuite errors="0" failures="4" name="WorkPlan Feature" skipped="0" tests="4" time="34.45" timestamp="2023-02-23 09:13:13"><testcase name="Work plan by Test"><failure type="java.lang.AssertionError"/><system-err>null
org.openelisglobal.qaframework.automation.WorkPlanSteps.allKnownOrdersArePresentAnd(WorkPlanSteps.java:80)
✽.All known orders are present "HIV INFANT VIRAL LOAD(Serum)" and "20210000000003761"(file:///home/runner/work/openelis-qaframework/openelis-qaframework/src/features/openelis/workPlan.feature:12)
</system-err></testcase><testcase name="Work plan by Panel"><failure type="java.lang.AssertionError"/><system-err>null
org.openelisglobal.qaframework.automation.WorkPlanSteps.workplanByPanelTotalNumberOfTestsIsCorrect(WorkPlanSteps.java:155)
✽.Workplan by Panel Total number of tests is correct "92"(file:///home/runner/work/openelis-qaframework/openelis-qaframework/src/features/openelis/workPlan.feature:34)
</system-err></testcase><testcase name="Work plan by Unit"><failure type="java.lang.AssertionError"/><system-err>null
org.openelisglobal.qaframework.automation.WorkPlanSteps.workplanByUnitShouldShowAllKnownOrdersArePresentAndLabNo(WorkPlanSteps.java:215)
✽.Workplan by unit should show all known orders are present "Molecular Biology" and "20210000000003761"(file:///home/runner/work/openelis-qaframework/openelis-qaframework/src/features/openelis/workPlan.feature:52)
</system-err></testcase><testcase name="Verification"><failure type="java.lang.AssertionError"/><system-err>null
org.openelisglobal.qaframework.automation.WorkPlanSteps.testNolongerExistsOnTheWorkplanByPanelType(WorkPlanSteps.java:292)
✽.Test "20210000000003761" nolonger exists on the workplan by panel Type(file:///home/runner/work/openelis-qaframework/openelis-qaframework/src/features/openelis/workPlan.feature:72)
</system-err></testcase></testsuite>