<?xml version="1.0" encoding="UTF-8"?><testsuite errors="1" failures="0" name="Results Entry" skipped="0" tests="9" time="218.66" timestamp="2023-05-31 09:51:59"><testcase name="Accessing Results Entry"/><testcase name="Searching for test result entry forms"/><testcase name="Results Entry Set-up"/><testcase name="Entering Test Results"/><testcase name="Overall Page"/><testcase name="Verification"><error message="stale element reference: stale element not found&#10;  (Session info: chrome=113.0.5672.63)&#10;For documentation on this error, please visit: https://www.seleniumhq.org/exceptions/stale_element_reference.html&#10;Build info: version: '3.141.59', revision: 'e82be7d358', time: '2018-11-14T08:17:03'&#10;System info: host: 'fv-az566-532', ip: '10.1.0.208', os.name: 'Linux', os.arch: 'amd64', os.version: '5.15.0-1037-azure', java.version: '1.8.0_372'&#10;Driver info: org.openqa.selenium.remote.RemoteWebDriver&#10;Capabilities {acceptInsecureCerts: false, browserName: chrome, browserVersion: 113.0.5672.63, chrome: {chromedriverVersion: 113.0.5672.63 (0e1a4471d5ae..., userDataDir: /tmp/.com.google.Chrome.P3ZY75}, goog:chromeOptions: {debuggerAddress: localhost:34553}, javascriptEnabled: true, networkConnectionEnabled: false, pageLoadStrategy: normal, platform: LINUX, platformName: LINUX, proxy: Proxy(), se:bidiEnabled: false, se:cdp: ws://172.18.0.2:4444/sessio..., se:cdpVersion: 113.0.5672.63, se:vnc: ws://172.18.0.2:4444/sessio..., se:vncEnabled: true, se:vncLocalAddress: ws://172.18.0.2:7900, setWindowRect: true, strictFileInteractability: false, timeouts: {implicit: 0, pageLoad: 300000, script: 30000}, unhandledPromptBehavior: dismiss and notify, webauthn:extension:credBlob: true, webauthn:extension:largeBlob: true, webauthn:extension:minPinLength: true, webauthn:extension:prf: true, webauthn:virtualAuthenticators: true}&#10;Session ID: 9dfdcda9ff35f225dbf4be6d87063528&#10;For documentation on this error, please visit: https://www.seleniumhq.org/exceptions/stale_element_reference.html&#10;Build info: version: '3.141.59', revision: 'e82be7d358', time: '2018-11-14T08:17:03'&#10;System info: host: 'fv-az566-532', ip: '10.1.0.208', os.name: 'Linux', os.arch: 'amd64', os.version: '5.15.0-1037-azure', java.version: '1.8.0_372'&#10;Driver info: driver.version: unknown" type="org.openqa.selenium.StaleElementReferenceException">stale element reference: stale element not found
  (Session info: chrome=113.0.5672.63)
For documentation on this error, please visit: https://www.seleniumhq.org/exceptions/stale_element_reference.html
Build info: version: '3.141.59', revision: 'e82be7d358', time: '2018-11-14T08:17:03'
System info: host: 'fv-az566-532', ip: '10.1.0.208', os.name: 'Linux', os.arch: 'amd64', os.version: '5.15.0-1037-azure', java.version: '1.8.0_372'
Driver info: org.openqa.selenium.remote.RemoteWebDriver
Capabilities {acceptInsecureCerts: false, browserName: chrome, browserVersion: 113.0.5672.63, chrome: {chromedriverVersion: 113.0.5672.63 (0e1a4471d5ae..., userDataDir: /tmp/.com.google.Chrome.P3ZY75}, goog:chromeOptions: {debuggerAddress: localhost:34553}, javascriptEnabled: true, networkConnectionEnabled: false, pageLoadStrategy: normal, platform: LINUX, platformName: LINUX, proxy: Proxy(), se:bidiEnabled: false, se:cdp: ws://172.18.0.2:4444/sessio..., se:cdpVersion: 113.0.5672.63, se:vnc: ws://172.18.0.2:4444/sessio..., se:vncEnabled: true, se:vncLocalAddress: ws://172.18.0.2:7900, setWindowRect: true, strictFileInteractability: false, timeouts: {implicit: 0, pageLoad: 300000, script: 30000}, unhandledPromptBehavior: dismiss and notify, webauthn:extension:credBlob: true, webauthn:extension:largeBlob: true, webauthn:extension:minPinLength: true, webauthn:extension:prf: true, webauthn:virtualAuthenticators: true}
Session ID: 9dfdcda9ff35f225dbf4be6d87063528
For documentation on this error, please visit: https://www.seleniumhq.org/exceptions/stale_element_reference.html
Build info: version: '3.141.59', revision: 'e82be7d358', time: '2018-11-14T08:17:03'
System info: host: 'fv-az566-532', ip: '10.1.0.208', os.name: 'Linux', os.arch: 'amd64', os.version: '5.15.0-1037-azure', java.version: '1.8.0_372'
Driver info: driver.version: unknown</error><system-err>stale element reference: stale element not found
  (Session info: chrome=113.0.5672.63)
For documentation on this error, please visit: https://www.seleniumhq.org/exceptions/stale_element_reference.html
Build info: version: '3.141.59', revision: 'e82be7d358', time: '2018-11-14T08:17:03'
System info: host: 'fv-az566-532', ip: '10.1.0.208', os.name: 'Linux', os.arch: 'amd64', os.version: '5.15.0-1037-azure', java.version: '1.8.0_372'
Driver info: org.openqa.selenium.remote.RemoteWebDriver
Capabilities {acceptInsecureCerts: false, browserName: chrome, browserVersion: 113.0.5672.63, chrome: {chromedriverVersion: 113.0.5672.63 (0e1a4471d5ae..., userDataDir: /tmp/.com.google.Chrome.P3ZY75}, goog:chromeOptions: {debuggerAddress: localhost:34553}, javascriptEnabled: true, networkConnectionEnabled: false, pageLoadStrategy: normal, platform: LINUX, platformName: LINUX, proxy: Proxy(), se:bidiEnabled: false, se:cdp: ws://172.18.0.2:4444/sessio..., se:cdpVersion: 113.0.5672.63, se:vnc: ws://172.18.0.2:4444/sessio..., se:vncEnabled: true, se:vncLocalAddress: ws://172.18.0.2:7900, setWindowRect: true, strictFileInteractability: false, timeouts: {implicit: 0, pageLoad: 300000, script: 30000}, unhandledPromptBehavior: dismiss and notify, webauthn:extension:credBlob: true, webauthn:extension:largeBlob: true, webauthn:extension:minPinLength: true, webauthn:extension:prf: true, webauthn:virtualAuthenticators: true}
Session ID: 9dfdcda9ff35f225dbf4be6d87063528
For documentation on this error, please visit: https://www.seleniumhq.org/exceptions/stale_element_reference.html
Build info: version: '3.141.59', revision: 'e82be7d358', time: '2018-11-14T08:17:03'
System info: host: 'fv-az566-532', ip: '10.1.0.208', os.name: 'Linux', os.arch: 'amd64', os.version: '5.15.0-1037-azure', java.version: '1.8.0_372'
Driver info: driver.version: unknown
org.openelisglobal.qaframework.automation.page.Page.clickOn(Page.java:266)
org.openelisglobal.qaframework.automation.page.SearchResultsByPatientPage.selectPatientSearchResultSecondRadioBtn(SearchResultsByPatientPage.java:85)
org.openelisglobal.qaframework.automation.ResultsEntrySteps.reloadResultsByPatientNames(ResultsEntrySteps.java:476)
✽.User Reload Results Page By Results --&gt; Search --&gt; By Patient LastName "musa" and FirstName "muranga"(file:///home/runner/work/openelis-qaframework/openelis-qaframework/src/features/openelis/resultEntry.feature:107)
</system-err></testcase><testcase name="Accept As Is functionality"/><testcase name="Verification"/><testcase name="Changing Results"/></testsuite>