<?xml version="1.0" encoding="UTF-8"?><testsuite errors="0" failures="1" name="Results Entry" skipped="0" tests="9" time="202.73" timestamp="2023-03-20 09:42:27"><testcase name="Accessing Results Entry"/><testcase name="Searching for test result entry forms"/><testcase name="Results Entry Set-up"/><testcase name="Entering Test Results"/><testcase name="Overall Page"/><testcase name="Verification"/><testcase name="Accept As Is functionality"/><testcase name="Verification"/><testcase name="Changing Results"><failure type="java.lang.AssertionError"/><system-err>null
org.openelisglobal.qaframework.automation.ResultsEntrySteps.saveSuccesfully(ResultsEntrySteps.java:675)
✽.Message ,Save was successful, appears at top of page(file:///home/runner/work/openelis-qaframework/openelis-qaframework/src/features/openelis/resultEntry.feature:158)
</system-err></testcase></testsuite>