<?xml version="1.0" encoding="UTF-8"?><testsuite errors="1" failures="0" name="WorkPlan Feature" skipped="0" tests="4" time="47.95" timestamp="2023-03-20 09:51:43"><testcase name="Work plan by Test"/><testcase name="Work plan by Panel"/><testcase name="Work plan by Unit"/><testcase name="Verification"><error message="element not interactable&#10;  (Session info: chrome=110.0.5481.177)&#10;Build info: version: '3.141.59', revision: 'e82be7d358', time: '2018-11-14T08:17:03'&#10;System info: host: 'fv-az622-219', ip: '10.1.1.106', os.name: 'Linux', os.arch: 'amd64', os.version: '5.15.0-1034-azure', java.version: '1.8.0_362'&#10;Driver info: org.openqa.selenium.remote.RemoteWebDriver&#10;Capabilities {acceptInsecureCerts: false, browserName: chrome, browserVersion: 110.0.5481.177, chrome: {chromedriverVersion: 110.0.5481.77 (65ed616c6e8e..., userDataDir: /tmp/.com.google.Chrome.Zd6Bpz}, goog:chromeOptions: {debuggerAddress: localhost:39781}, javascriptEnabled: true, networkConnectionEnabled: false, pageLoadStrategy: normal, platform: LINUX, platformName: LINUX, proxy: Proxy(), se:bidiEnabled: false, se:cdp: ws://172.18.0.2:4444/sessio..., se:cdpVersion: 110.0.5481.177, se:vnc: ws://172.18.0.2:4444/sessio..., se:vncEnabled: true, se:vncLocalAddress: ws://172.18.0.2:7900, setWindowRect: true, strictFileInteractability: false, timeouts: {implicit: 0, pageLoad: 300000, script: 30000}, unhandledPromptBehavior: dismiss and notify, webauthn:extension:credBlob: true, webauthn:extension:largeBlob: true, webauthn:virtualAuthenticators: true}&#10;Session ID: d3c97847420d5bc15405a785aa914b17&#10;Build info: version: '3.141.59', revision: 'e82be7d358', time: '2018-11-14T08:17:03'&#10;System info: host: 'fv-az622-219', ip: '10.1.1.106', os.name: 'Linux', os.arch: 'amd64', os.version: '5.15.0-1034-azure', java.version: '1.8.0_362'&#10;Driver info: driver.version: unknown" type="org.openqa.selenium.ElementNotInteractableException">element not interactable
  (Session info: chrome=110.0.5481.177)
Build info: version: '3.141.59', revision: 'e82be7d358', time: '2018-11-14T08:17:03'
System info: host: 'fv-az622-219', ip: '10.1.1.106', os.name: 'Linux', os.arch: 'amd64', os.version: '5.15.0-1034-azure', java.version: '1.8.0_362'
Driver info: org.openqa.selenium.remote.RemoteWebDriver
Capabilities {acceptInsecureCerts: false, browserName: chrome, browserVersion: 110.0.5481.177, chrome: {chromedriverVersion: 110.0.5481.77 (65ed616c6e8e..., userDataDir: /tmp/.com.google.Chrome.Zd6Bpz}, goog:chromeOptions: {debuggerAddress: localhost:39781}, javascriptEnabled: true, networkConnectionEnabled: false, pageLoadStrategy: normal, platform: LINUX, platformName: LINUX, proxy: Proxy(), se:bidiEnabled: false, se:cdp: ws://172.18.0.2:4444/sessio..., se:cdpVersion: 110.0.5481.177, se:vnc: ws://172.18.0.2:4444/sessio..., se:vncEnabled: true, se:vncLocalAddress: ws://172.18.0.2:7900, setWindowRect: true, strictFileInteractability: false, timeouts: {implicit: 0, pageLoad: 300000, script: 30000}, unhandledPromptBehavior: dismiss and notify, webauthn:extension:credBlob: true, webauthn:extension:largeBlob: true, webauthn:virtualAuthenticators: true}
Session ID: d3c97847420d5bc15405a785aa914b17
Build info: version: '3.141.59', revision: 'e82be7d358', time: '2018-11-14T08:17:03'
System info: host: 'fv-az622-219', ip: '10.1.1.106', os.name: 'Linux', os.arch: 'amd64', os.version: '5.15.0-1034-azure', java.version: '1.8.0_362'
Driver info: driver.version: unknown</error><system-err>element not interactable
  (Session info: chrome=110.0.5481.177)
Build info: version: '3.141.59', revision: 'e82be7d358', time: '2018-11-14T08:17:03'
System info: host: 'fv-az622-219', ip: '10.1.1.106', os.name: 'Linux', os.arch: 'amd64', os.version: '5.15.0-1034-azure', java.version: '1.8.0_362'
Driver info: org.openqa.selenium.remote.RemoteWebDriver
Capabilities {acceptInsecureCerts: false, browserName: chrome, browserVersion: 110.0.5481.177, chrome: {chromedriverVersion: 110.0.5481.77 (65ed616c6e8e..., userDataDir: /tmp/.com.google.Chrome.Zd6Bpz}, goog:chromeOptions: {debuggerAddress: localhost:39781}, javascriptEnabled: true, networkConnectionEnabled: false, pageLoadStrategy: normal, platform: LINUX, platformName: LINUX, proxy: Proxy(), se:bidiEnabled: false, se:cdp: ws://172.18.0.2:4444/sessio..., se:cdpVersion: 110.0.5481.177, se:vnc: ws://172.18.0.2:4444/sessio..., se:vncEnabled: true, se:vncLocalAddress: ws://172.18.0.2:7900, setWindowRect: true, strictFileInteractability: false, timeouts: {implicit: 0, pageLoad: 300000, script: 30000}, unhandledPromptBehavior: dismiss and notify, webauthn:extension:credBlob: true, webauthn:extension:largeBlob: true, webauthn:virtualAuthenticators: true}
Session ID: d3c97847420d5bc15405a785aa914b17
Build info: version: '3.141.59', revision: 'e82be7d358', time: '2018-11-14T08:17:03'
System info: host: 'fv-az622-219', ip: '10.1.1.106', os.name: 'Linux', os.arch: 'amd64', os.version: '5.15.0-1034-azure', java.version: '1.8.0_362'
Driver info: driver.version: unknown
org.openelisglobal.qaframework.automation.page.Page.setTextNoEnter(Page.java:262)
org.openelisglobal.qaframework.automation.page.Page.setText(Page.java:248)
org.openelisglobal.qaframework.automation.page.Page.setText(Page.java:228)
org.openelisglobal.qaframework.automation.page.ResultsUnitTypePage.enterTestResult(ResultsUnitTypePage.java:57)
org.openelisglobal.qaframework.automation.WorkPlanSteps.userEnterResultsForTheTests(WorkPlanSteps.java:292)
✽.User enter results for the tests "20231099040004863"(file:///home/runner/work/openelis-qaframework/openelis-qaframework/src/features/openelis/workPlan.feature:68)
</system-err></testcase></testsuite>