<?xml version="1.0" encoding="UTF-8"?><testsuite errors="1" failures="1" name="WorkPlan Feature" skipped="0" tests="4" time="112.11" timestamp="2023-02-23 02:07:29"><testcase name="Work plan by Test"/><testcase name="Work plan by Panel"><failure type="java.lang.AssertionError"/><system-err>null
org.openelisglobal.qaframework.automation.WorkPlanSteps.workplanByPanelShouldShowAllKnownOrdersArePresentAndLabNo(WorkPlanSteps.java:163)
✽.Workplan by Panel should show all known orders are present "Bilan Biochimique" and "20210000000003761"(file:///home/runner/work/openelis-qaframework/openelis-qaframework/src/features/openelis/workPlan.feature:33)
</system-err></testcase><testcase name="Work plan by Unit"/><testcase name="Verification"><error message="unexpected alert open: {Alert text : The value you entered (red field) is outside the range of allowable values for that record. Please check the value}&#10;  (Session info: chrome=110.0.5481.100): The value you entered (red field) is outside the range of allowable values for that record. Please check the value&#10;Build info: version: '3.141.59', revision: 'e82be7d358', time: '2018-11-14T08:17:03'&#10;System info: host: 'fv-az563-646', ip: '10.1.1.89', os.name: 'Linux', os.arch: 'amd64', os.version: '5.15.0-1033-azure', java.version: '1.8.0_362'&#10;Driver info: org.openqa.selenium.remote.RemoteWebDriver&#10;Capabilities {acceptInsecureCerts: false, browserName: chrome, browserVersion: 110.0.5481.100, chrome: {chromedriverVersion: 110.0.5481.77 (65ed616c6e8e..., userDataDir: /tmp/.com.google.Chrome.DiiLyD}, goog:chromeOptions: {debuggerAddress: localhost:34121}, javascriptEnabled: true, networkConnectionEnabled: false, pageLoadStrategy: normal, platform: LINUX, platformName: LINUX, proxy: Proxy(), se:bidiEnabled: false, se:cdp: ws://172.18.0.2:4444/sessio..., se:cdpVersion: 110.0.5481.100, se:vnc: ws://172.18.0.2:4444/sessio..., se:vncEnabled: true, se:vncLocalAddress: ws://172.18.0.2:7900, setWindowRect: true, strictFileInteractability: false, timeouts: {implicit: 0, pageLoad: 300000, script: 30000}, unhandledPromptBehavior: dismiss and notify, webauthn:extension:credBlob: true, webauthn:extension:largeBlob: true, webauthn:virtualAuthenticators: true}&#10;Session ID: 9495b34bfe587d2ef7af77dd6c65c14a&#10;*** Element info: {Using=xpath, value=//select[starts-with(@id,'resultId')]}: null&#10;Build info: version: '3.141.59', revision: 'e82be7d358', time: '2018-11-14T08:17:03'&#10;System info: host: 'fv-az563-646', ip: '10.1.1.89', os.name: 'Linux', os.arch: 'amd64', os.version: '5.15.0-1033-azure', java.version: '1.8.0_362'&#10;Driver info: driver.version: unknown" type="org.openqa.selenium.UnhandledAlertException">unexpected alert open: {Alert text : The value you entered (red field) is outside the range of allowable values for that record. Please check the value}
  (Session info: chrome=110.0.5481.100): The value you entered (red field) is outside the range of allowable values for that record. Please check the value
Build info: version: '3.141.59', revision: 'e82be7d358', time: '2018-11-14T08:17:03'
System info: host: 'fv-az563-646', ip: '10.1.1.89', os.name: 'Linux', os.arch: 'amd64', os.version: '5.15.0-1033-azure', java.version: '1.8.0_362'
Driver info: org.openqa.selenium.remote.RemoteWebDriver
Capabilities {acceptInsecureCerts: false, browserName: chrome, browserVersion: 110.0.5481.100, chrome: {chromedriverVersion: 110.0.5481.77 (65ed616c6e8e..., userDataDir: /tmp/.com.google.Chrome.DiiLyD}, goog:chromeOptions: {debuggerAddress: localhost:34121}, javascriptEnabled: true, networkConnectionEnabled: false, pageLoadStrategy: normal, platform: LINUX, platformName: LINUX, proxy: Proxy(), se:bidiEnabled: false, se:cdp: ws://172.18.0.2:4444/sessio..., se:cdpVersion: 110.0.5481.100, se:vnc: ws://172.18.0.2:4444/sessio..., se:vncEnabled: true, se:vncLocalAddress: ws://172.18.0.2:7900, setWindowRect: true, strictFileInteractability: false, timeouts: {implicit: 0, pageLoad: 300000, script: 30000}, unhandledPromptBehavior: dismiss and notify, webauthn:extension:credBlob: true, webauthn:extension:largeBlob: true, webauthn:virtualAuthenticators: true}
Session ID: 9495b34bfe587d2ef7af77dd6c65c14a
*** Element info: {Using=xpath, value=//select[starts-with(@id,'resultId')]}: null
Build info: version: '3.141.59', revision: 'e82be7d358', time: '2018-11-14T08:17:03'
System info: host: 'fv-az563-646', ip: '10.1.1.89', os.name: 'Linux', os.arch: 'amd64', os.version: '5.15.0-1033-azure', java.version: '1.8.0_362'
Driver info: driver.version: unknown</error><system-err>unexpected alert open: {Alert text : The value you entered (red field) is outside the range of allowable values for that record. Please check the value}
  (Session info: chrome=110.0.5481.100): The value you entered (red field) is outside the range of allowable values for that record. Please check the value
Build info: version: '3.141.59', revision: 'e82be7d358', time: '2018-11-14T08:17:03'
System info: host: 'fv-az563-646', ip: '10.1.1.89', os.name: 'Linux', os.arch: 'amd64', os.version: '5.15.0-1033-azure', java.version: '1.8.0_362'
Driver info: org.openqa.selenium.remote.RemoteWebDriver
Capabilities {acceptInsecureCerts: false, browserName: chrome, browserVersion: 110.0.5481.100, chrome: {chromedriverVersion: 110.0.5481.77 (65ed616c6e8e..., userDataDir: /tmp/.com.google.Chrome.DiiLyD}, goog:chromeOptions: {debuggerAddress: localhost:34121}, javascriptEnabled: true, networkConnectionEnabled: false, pageLoadStrategy: normal, platform: LINUX, platformName: LINUX, proxy: Proxy(), se:bidiEnabled: false, se:cdp: ws://172.18.0.2:4444/sessio..., se:cdpVersion: 110.0.5481.100, se:vnc: ws://172.18.0.2:4444/sessio..., se:vncEnabled: true, se:vncLocalAddress: ws://172.18.0.2:7900, setWindowRect: true, strictFileInteractability: false, timeouts: {implicit: 0, pageLoad: 300000, script: 30000}, unhandledPromptBehavior: dismiss and notify, webauthn:extension:credBlob: true, webauthn:extension:largeBlob: true, webauthn:virtualAuthenticators: true}
Session ID: 9495b34bfe587d2ef7af77dd6c65c14a
*** Element info: {Using=xpath, value=//select[starts-with(@id,'resultId')]}: null
Build info: version: '3.141.59', revision: 'e82be7d358', time: '2018-11-14T08:17:03'
System info: host: 'fv-az563-646', ip: '10.1.1.89', os.name: 'Linux', os.arch: 'amd64', os.version: '5.15.0-1033-azure', java.version: '1.8.0_362'
Driver info: driver.version: unknown
org.openelisglobal.qaframework.automation.page.Page.findElement(Page.java:188)
org.openelisglobal.qaframework.automation.page.Page.selectNthOptionFromDropDown(Page.java:455)
org.openelisglobal.qaframework.automation.page.ResultsUnitTypePage.enterTestResult(ResultsUnitTypePage.java:60)
org.openelisglobal.qaframework.automation.WorkPlanSteps.userEnterResultsForTheTests(WorkPlanSteps.java:292)
✽.User enter results for the tests "20210000000003761"(file:///home/runner/work/openelis-qaframework/openelis-qaframework/src/features/openelis/workPlan.feature:68)
</system-err></testcase></testsuite>