<?xml version="1.0" encoding="UTF-8"?><testsuite errors="0" failures="0" name="Results Entry" skipped="0" tests="9" time="291.16" timestamp="2023-03-13 10:11:30"><testcase name="Accessing Results Entry"/><testcase name="Searching for test result entry forms"/><testcase name="Results Entry Set-up"/><testcase name="Entering Test Results"/><testcase name="Overall Page"/><testcase name="Verification"/><testcase name="Accept As Is functionality"/><testcase name="Verification"/><testcase name="Changing Results"/></testsuite>