<?xml version="1.0" encoding="UTF-8"?><testsuite errors="0" failures="1" name="Results Entry" skipped="0" tests="9" time="214.14" timestamp="2023-03-27 09:11:00"><testcase name="Accessing Results Entry"/><testcase name="Searching for test result entry forms"/><testcase name="Results Entry Set-up"/><testcase name="Entering Test Results"/><testcase name="Overall Page"/><testcase name="Verification"><failure type="java.lang.AssertionError"/><system-err>null
org.openelisglobal.qaframework.automation.ResultsEntrySteps.resultsAppearOnThePatientsResultsPageAsEntered(ResultsEntrySteps.java:483)
✽.Results appear on the Search By Patient Page as entered(file:///home/runner/work/openelis-qaframework/openelis-qaframework/src/features/openelis/resultEntry.feature:108)
</system-err></testcase><testcase name="Accept As Is functionality"/><testcase name="Verification"/><testcase name="Changing Results"/></testsuite>