<?xml version="1.0" encoding="UTF-8"?><testsuite errors="0" failures="1" name="Results Entry" skipped="0" tests="9" time="243.08" timestamp="2023-02-23 01:59:03"><testcase name="Accessing Results Entry"/><testcase name="Searching for test result entry forms"/><testcase name="Results Entry Set-up"/><testcase name="Entering Test Results"/><testcase name="Overall Page"/><testcase name="Verification"><failure type="java.lang.AssertionError"/><system-err>null
org.openelisglobal.qaframework.automation.ResultsEntrySteps.testsWithResultsDontAppear(ResultsEntrySteps.java:524)
✽.Tests for which results were entered no longer appear on page(file:///home/runner/work/openelis-qaframework/openelis-qaframework/src/features/openelis/resultEntry.feature:114)
</system-err></testcase><testcase name="Accept As Is functionality"/><testcase name="Verification"/><testcase name="Changing Results"/></testsuite>