<?xml version="1.0" encoding="UTF-8"?><testsuite errors="0" failures="0" name="Add Order" skipped="0" tests="23" time="489.54" timestamp="2023-05-15 11:22:30"><testcase name="Order Number"/><testcase name="Request and Received Date"/><testcase name="Reception Time"/><testcase name="Site Name"/><testcase name="Requester's Name"/><testcase name="Requester Phone/Fax/Email"/><testcase name="Payment fields and Sampling performed for analysis"/><testcase name="Add samples"/><testcase name="Collection Date"/><testcase name="Collection Time"/><testcase name="Collector"/><testcase name="Available Tests and Panels"/><testcase name="Patient Search"/><testcase name="Patient Information"/><testcase name="Overall Page"/></testsuite>