<?xml version="1.0" encoding="UTF-8"?><testsuite errors="6" failures="2" name="Test Management Feature" skipped="0" tests="10" time="452.3" timestamp="2023-03-16 10:40:03"><testcase name="Validate list items in Test Management menu"/><testcase name="Open Rename Existing Test Names page"><error message="no such element: Unable to locate element: {&quot;method&quot;:&quot;xpath&quot;,&quot;selector&quot;:&quot;/html/body/table/tbody/tr[3]/td/table&quot;}&#10;  (Session info: chrome=110.0.5481.177)&#10;For documentation on this error, please visit: https://www.seleniumhq.org/exceptions/no_such_element.html&#10;Build info: version: '3.141.59', revision: 'e82be7d358', time: '2018-11-14T08:17:03'&#10;System info: host: 'fv-az357-439', ip: '10.1.0.72', os.name: 'Linux', os.arch: 'amd64', os.version: '5.15.0-1034-azure', java.version: '1.8.0_362'&#10;Driver info: org.openqa.selenium.remote.RemoteWebDriver&#10;Capabilities {acceptInsecureCerts: false, browserName: chrome, browserVersion: 110.0.5481.177, chrome: {chromedriverVersion: 110.0.5481.77 (65ed616c6e8e..., userDataDir: /tmp/.com.google.Chrome.lEvTQA}, goog:chromeOptions: {debuggerAddress: localhost:41665}, javascriptEnabled: true, networkConnectionEnabled: false, pageLoadStrategy: normal, platform: LINUX, platformName: LINUX, proxy: Proxy(), se:bidiEnabled: false, se:cdp: ws://172.18.0.2:4444/sessio..., se:cdpVersion: 110.0.5481.177, se:vnc: ws://172.18.0.2:4444/sessio..., se:vncEnabled: true, se:vncLocalAddress: ws://172.18.0.2:7900, setWindowRect: true, strictFileInteractability: false, timeouts: {implicit: 0, pageLoad: 300000, script: 30000}, unhandledPromptBehavior: dismiss and notify, webauthn:extension:credBlob: true, webauthn:extension:largeBlob: true, webauthn:virtualAuthenticators: true}&#10;Session ID: 3234b6dc680b08217da893baf62d903f&#10;*** Element info: {Using=xpath, value=/html/body/table/tbody/tr[3]/td/table}&#10;For documentation on this error, please visit: https://www.seleniumhq.org/exceptions/no_such_element.html&#10;Build info: version: '3.141.59', revision: 'e82be7d358', time: '2018-11-14T08:17:03'&#10;System info: host: 'fv-az357-439', ip: '10.1.0.72', os.name: 'Linux', os.arch: 'amd64', os.version: '5.15.0-1034-azure', java.version: '1.8.0_362'&#10;Driver info: driver.version: unknown" type="org.openqa.selenium.NoSuchElementException">no such element: Unable to locate element: {"method":"xpath","selector":"/html/body/table/tbody/tr[3]/td/table"}
  (Session info: chrome=110.0.5481.177)
For documentation on this error, please visit: https://www.seleniumhq.org/exceptions/no_such_element.html
Build info: version: '3.141.59', revision: 'e82be7d358', time: '2018-11-14T08:17:03'
System info: host: 'fv-az357-439', ip: '10.1.0.72', os.name: 'Linux', os.arch: 'amd64', os.version: '5.15.0-1034-azure', java.version: '1.8.0_362'
Driver info: org.openqa.selenium.remote.RemoteWebDriver
Capabilities {acceptInsecureCerts: false, browserName: chrome, browserVersion: 110.0.5481.177, chrome: {chromedriverVersion: 110.0.5481.77 (65ed616c6e8e..., userDataDir: /tmp/.com.google.Chrome.lEvTQA}, goog:chromeOptions: {debuggerAddress: localhost:41665}, javascriptEnabled: true, networkConnectionEnabled: false, pageLoadStrategy: normal, platform: LINUX, platformName: LINUX, proxy: Proxy(), se:bidiEnabled: false, se:cdp: ws://172.18.0.2:4444/sessio..., se:cdpVersion: 110.0.5481.177, se:vnc: ws://172.18.0.2:4444/sessio..., se:vncEnabled: true, se:vncLocalAddress: ws://172.18.0.2:7900, setWindowRect: true, strictFileInteractability: false, timeouts: {implicit: 0, pageLoad: 300000, script: 30000}, unhandledPromptBehavior: dismiss and notify, webauthn:extension:credBlob: true, webauthn:extension:largeBlob: true, webauthn:virtualAuthenticators: true}
Session ID: 3234b6dc680b08217da893baf62d903f
*** Element info: {Using=xpath, value=/html/body/table/tbody/tr[3]/td/table}
For documentation on this error, please visit: https://www.seleniumhq.org/exceptions/no_such_element.html
Build info: version: '3.141.59', revision: 'e82be7d358', time: '2018-11-14T08:17:03'
System info: host: 'fv-az357-439', ip: '10.1.0.72', os.name: 'Linux', os.arch: 'amd64', os.version: '5.15.0-1034-azure', java.version: '1.8.0_362'
Driver info: driver.version: unknown</error><system-err>no such element: Unable to locate element: {"method":"xpath","selector":"/html/body/table/tbody/tr[3]/td/table"}
  (Session info: chrome=110.0.5481.177)
For documentation on this error, please visit: https://www.seleniumhq.org/exceptions/no_such_element.html
Build info: version: '3.141.59', revision: 'e82be7d358', time: '2018-11-14T08:17:03'
System info: host: 'fv-az357-439', ip: '10.1.0.72', os.name: 'Linux', os.arch: 'amd64', os.version: '5.15.0-1034-azure', java.version: '1.8.0_362'
Driver info: org.openqa.selenium.remote.RemoteWebDriver
Capabilities {acceptInsecureCerts: false, browserName: chrome, browserVersion: 110.0.5481.177, chrome: {chromedriverVersion: 110.0.5481.77 (65ed616c6e8e..., userDataDir: /tmp/.com.google.Chrome.lEvTQA}, goog:chromeOptions: {debuggerAddress: localhost:41665}, javascriptEnabled: true, networkConnectionEnabled: false, pageLoadStrategy: normal, platform: LINUX, platformName: LINUX, proxy: Proxy(), se:bidiEnabled: false, se:cdp: ws://172.18.0.2:4444/sessio..., se:cdpVersion: 110.0.5481.177, se:vnc: ws://172.18.0.2:4444/sessio..., se:vncEnabled: true, se:vncLocalAddress: ws://172.18.0.2:7900, setWindowRect: true, strictFileInteractability: false, timeouts: {implicit: 0, pageLoad: 300000, script: 30000}, unhandledPromptBehavior: dismiss and notify, webauthn:extension:credBlob: true, webauthn:extension:largeBlob: true, webauthn:virtualAuthenticators: true}
Session ID: 3234b6dc680b08217da893baf62d903f
*** Element info: {Using=xpath, value=/html/body/table/tbody/tr[3]/td/table}
For documentation on this error, please visit: https://www.seleniumhq.org/exceptions/no_such_element.html
Build info: version: '3.141.59', revision: 'e82be7d358', time: '2018-11-14T08:17:03'
System info: host: 'fv-az357-439', ip: '10.1.0.72', os.name: 'Linux', os.arch: 'amd64', os.version: '5.15.0-1034-azure', java.version: '1.8.0_362'
Driver info: driver.version: unknown
org.openelisglobal.qaframework.automation.page.Page.findElement(Page.java:188)
org.openelisglobal.qaframework.automation.page.TestManagementPage.getTestNamesTable(TestManagementPage.java:155)
org.openelisglobal.qaframework.automation.page.TestManagementPage.labTestNamesAppearInATable(TestManagementPage.java:150)
org.openelisglobal.qaframework.automation.TestManagementSteps.laboratory_test_names_hyperlinked_underlined_should_appear_on_page_in_three_columns_all_are_in_primary_language(TestManagementSteps.java:103)
io.cucumber.java.Invoker.doInvoke(Invoker.java:66)
io.cucumber.java.Invoker.invoke(Invoker.java:24)
io.cucumber.java.AbstractGlueDefinition.invokeMethod(AbstractGlueDefinition.java:47)
io.cucumber.java.JavaStepDefinition.execute(JavaStepDefinition.java:29)
io.cucumber.core.runner.CoreStepDefinition.execute(CoreStepDefinition.java:66)
io.cucumber.core.runner.PickleStepDefinitionMatch.runStep(PickleStepDefinitionMatch.java:63)
io.cucumber.core.runner.TestStep.executeStep(TestStep.java:92)
io.cucumber.core.runner.TestStep.run(TestStep.java:64)
io.cucumber.core.runner.PickleStepTestStep.run(PickleStepTestStep.java:51)
io.cucumber.core.runner.TestCase.run(TestCase.java:104)
io.cucumber.core.runner.Runner.runPickle(Runner.java:73)
io.cucumber.junit.FeatureRunner.runChild(FeatureRunner.java:135)
io.cucumber.junit.FeatureRunner.runChild(FeatureRunner.java:27)
io.cucumber.junit.CucumberSerenityRunner.runChild(CucumberSerenityRunner.java:258)
io.cucumber.junit.CucumberSerenityRunner.runChild(CucumberSerenityRunner.java:57)
</system-err></testcase><testcase name="User rejects the testName updates"><error message="Expected condition failed: waiting for visibility of element located by By.name: nameEnglish (tried for 50 second(s) with 500 milliseconds interval)&#10;Build info: version: '3.141.59', revision: 'e82be7d358', time: '2018-11-14T08:17:03'&#10;System info: host: 'fv-az357-439', ip: '10.1.0.72', os.name: 'Linux', os.arch: 'amd64', os.version: '5.15.0-1034-azure', java.version: '1.8.0_362'&#10;Driver info: org.openqa.selenium.remote.RemoteWebDriver&#10;Capabilities {acceptInsecureCerts: false, browserName: chrome, browserVersion: 110.0.5481.177, chrome: {chromedriverVersion: 110.0.5481.77 (65ed616c6e8e..., userDataDir: /tmp/.com.google.Chrome.e4oI1c}, goog:chromeOptions: {debuggerAddress: localhost:42941}, javascriptEnabled: true, networkConnectionEnabled: false, pageLoadStrategy: normal, platform: LINUX, platformName: LINUX, proxy: Proxy(), se:bidiEnabled: false, se:cdp: ws://172.18.0.2:4444/sessio..., se:cdpVersion: 110.0.5481.177, se:vnc: ws://172.18.0.2:4444/sessio..., se:vncEnabled: true, se:vncLocalAddress: ws://172.18.0.2:7900, setWindowRect: true, strictFileInteractability: false, timeouts: {implicit: 0, pageLoad: 300000, script: 30000}, unhandledPromptBehavior: dismiss and notify, webauthn:extension:credBlob: true, webauthn:extension:largeBlob: true, webauthn:virtualAuthenticators: true}&#10;Session ID: ed5efe44ca84543d7272f070d1805a3a&#10;Build info: version: '3.141.59', revision: 'e82be7d358', time: '2018-11-14T08:17:03'&#10;System info: host: 'fv-az357-439', ip: '10.1.0.72', os.name: 'Linux', os.arch: 'amd64', os.version: '5.15.0-1034-azure', java.version: '1.8.0_362'&#10;Driver info: driver.version: unknown" type="org.openqa.selenium.TimeoutException">Expected condition failed: waiting for visibility of element located by By.name: nameEnglish (tried for 50 second(s) with 500 milliseconds interval)
Build info: version: '3.141.59', revision: 'e82be7d358', time: '2018-11-14T08:17:03'
System info: host: 'fv-az357-439', ip: '10.1.0.72', os.name: 'Linux', os.arch: 'amd64', os.version: '5.15.0-1034-azure', java.version: '1.8.0_362'
Driver info: org.openqa.selenium.remote.RemoteWebDriver
Capabilities {acceptInsecureCerts: false, browserName: chrome, browserVersion: 110.0.5481.177, chrome: {chromedriverVersion: 110.0.5481.77 (65ed616c6e8e..., userDataDir: /tmp/.com.google.Chrome.e4oI1c}, goog:chromeOptions: {debuggerAddress: localhost:42941}, javascriptEnabled: true, networkConnectionEnabled: false, pageLoadStrategy: normal, platform: LINUX, platformName: LINUX, proxy: Proxy(), se:bidiEnabled: false, se:cdp: ws://172.18.0.2:4444/sessio..., se:cdpVersion: 110.0.5481.177, se:vnc: ws://172.18.0.2:4444/sessio..., se:vncEnabled: true, se:vncLocalAddress: ws://172.18.0.2:7900, setWindowRect: true, strictFileInteractability: false, timeouts: {implicit: 0, pageLoad: 300000, script: 30000}, unhandledPromptBehavior: dismiss and notify, webauthn:extension:credBlob: true, webauthn:extension:largeBlob: true, webauthn:virtualAuthenticators: true}
Session ID: ed5efe44ca84543d7272f070d1805a3a
Build info: version: '3.141.59', revision: 'e82be7d358', time: '2018-11-14T08:17:03'
System info: host: 'fv-az357-439', ip: '10.1.0.72', os.name: 'Linux', os.arch: 'amd64', os.version: '5.15.0-1034-azure', java.version: '1.8.0_362'
Driver info: driver.version: unknown</error><system-err>Expected condition failed: waiting for visibility of element located by By.name: nameEnglish (tried for 50 second(s) with 500 milliseconds interval)
Build info: version: '3.141.59', revision: 'e82be7d358', time: '2018-11-14T08:17:03'
System info: host: 'fv-az357-439', ip: '10.1.0.72', os.name: 'Linux', os.arch: 'amd64', os.version: '5.15.0-1034-azure', java.version: '1.8.0_362'
Driver info: org.openqa.selenium.remote.RemoteWebDriver
Capabilities {acceptInsecureCerts: false, browserName: chrome, browserVersion: 110.0.5481.177, chrome: {chromedriverVersion: 110.0.5481.77 (65ed616c6e8e..., userDataDir: /tmp/.com.google.Chrome.e4oI1c}, goog:chromeOptions: {debuggerAddress: localhost:42941}, javascriptEnabled: true, networkConnectionEnabled: false, pageLoadStrategy: normal, platform: LINUX, platformName: LINUX, proxy: Proxy(), se:bidiEnabled: false, se:cdp: ws://172.18.0.2:4444/sessio..., se:cdpVersion: 110.0.5481.177, se:vnc: ws://172.18.0.2:4444/sessio..., se:vncEnabled: true, se:vncLocalAddress: ws://172.18.0.2:7900, setWindowRect: true, strictFileInteractability: false, timeouts: {implicit: 0, pageLoad: 300000, script: 30000}, unhandledPromptBehavior: dismiss and notify, webauthn:extension:credBlob: true, webauthn:extension:largeBlob: true, webauthn:virtualAuthenticators: true}
Session ID: ed5efe44ca84543d7272f070d1805a3a
Build info: version: '3.141.59', revision: 'e82be7d358', time: '2018-11-14T08:17:03'
System info: host: 'fv-az357-439', ip: '10.1.0.72', os.name: 'Linux', os.arch: 'amd64', os.version: '5.15.0-1034-azure', java.version: '1.8.0_362'
Driver info: driver.version: unknown
org.openelisglobal.qaframework.automation.page.Page.findElement(Page.java:188)
org.openelisglobal.qaframework.automation.page.Page.setText(Page.java:228)
org.openelisglobal.qaframework.automation.page.TestManagementPage.enterTestNameInEnglish(TestManagementPage.java:179)
org.openelisglobal.qaframework.automation.TestManagementSteps.userEntersTestNameInEnglish(TestManagementSteps.java:116)
✽.User enters test name "GlucoseRejectEng" in English(file:///home/runner/work/openelis-qaframework/openelis-qaframework/src/features/openelis/testManagement.feature:61)
</system-err></testcase><testcase name="User cancels the testName updates"><error message="Expected condition failed: waiting for visibility of element located by By.name: nameEnglish (tried for 50 second(s) with 500 milliseconds interval)&#10;Build info: version: '3.141.59', revision: 'e82be7d358', time: '2018-11-14T08:17:03'&#10;System info: host: 'fv-az357-439', ip: '10.1.0.72', os.name: 'Linux', os.arch: 'amd64', os.version: '5.15.0-1034-azure', java.version: '1.8.0_362'&#10;Driver info: org.openqa.selenium.remote.RemoteWebDriver&#10;Capabilities {acceptInsecureCerts: false, browserName: chrome, browserVersion: 110.0.5481.177, chrome: {chromedriverVersion: 110.0.5481.77 (65ed616c6e8e..., userDataDir: /tmp/.com.google.Chrome.ruuj1q}, goog:chromeOptions: {debuggerAddress: localhost:40929}, javascriptEnabled: true, networkConnectionEnabled: false, pageLoadStrategy: normal, platform: LINUX, platformName: LINUX, proxy: Proxy(), se:bidiEnabled: false, se:cdp: ws://172.18.0.2:4444/sessio..., se:cdpVersion: 110.0.5481.177, se:vnc: ws://172.18.0.2:4444/sessio..., se:vncEnabled: true, se:vncLocalAddress: ws://172.18.0.2:7900, setWindowRect: true, strictFileInteractability: false, timeouts: {implicit: 0, pageLoad: 300000, script: 30000}, unhandledPromptBehavior: dismiss and notify, webauthn:extension:credBlob: true, webauthn:extension:largeBlob: true, webauthn:virtualAuthenticators: true}&#10;Session ID: 4522646d2e2555729cd5018ce73eed28&#10;Build info: version: '3.141.59', revision: 'e82be7d358', time: '2018-11-14T08:17:03'&#10;System info: host: 'fv-az357-439', ip: '10.1.0.72', os.name: 'Linux', os.arch: 'amd64', os.version: '5.15.0-1034-azure', java.version: '1.8.0_362'&#10;Driver info: driver.version: unknown" type="org.openqa.selenium.TimeoutException">Expected condition failed: waiting for visibility of element located by By.name: nameEnglish (tried for 50 second(s) with 500 milliseconds interval)
Build info: version: '3.141.59', revision: 'e82be7d358', time: '2018-11-14T08:17:03'
System info: host: 'fv-az357-439', ip: '10.1.0.72', os.name: 'Linux', os.arch: 'amd64', os.version: '5.15.0-1034-azure', java.version: '1.8.0_362'
Driver info: org.openqa.selenium.remote.RemoteWebDriver
Capabilities {acceptInsecureCerts: false, browserName: chrome, browserVersion: 110.0.5481.177, chrome: {chromedriverVersion: 110.0.5481.77 (65ed616c6e8e..., userDataDir: /tmp/.com.google.Chrome.ruuj1q}, goog:chromeOptions: {debuggerAddress: localhost:40929}, javascriptEnabled: true, networkConnectionEnabled: false, pageLoadStrategy: normal, platform: LINUX, platformName: LINUX, proxy: Proxy(), se:bidiEnabled: false, se:cdp: ws://172.18.0.2:4444/sessio..., se:cdpVersion: 110.0.5481.177, se:vnc: ws://172.18.0.2:4444/sessio..., se:vncEnabled: true, se:vncLocalAddress: ws://172.18.0.2:7900, setWindowRect: true, strictFileInteractability: false, timeouts: {implicit: 0, pageLoad: 300000, script: 30000}, unhandledPromptBehavior: dismiss and notify, webauthn:extension:credBlob: true, webauthn:extension:largeBlob: true, webauthn:virtualAuthenticators: true}
Session ID: 4522646d2e2555729cd5018ce73eed28
Build info: version: '3.141.59', revision: 'e82be7d358', time: '2018-11-14T08:17:03'
System info: host: 'fv-az357-439', ip: '10.1.0.72', os.name: 'Linux', os.arch: 'amd64', os.version: '5.15.0-1034-azure', java.version: '1.8.0_362'
Driver info: driver.version: unknown</error><system-err>Expected condition failed: waiting for visibility of element located by By.name: nameEnglish (tried for 50 second(s) with 500 milliseconds interval)
Build info: version: '3.141.59', revision: 'e82be7d358', time: '2018-11-14T08:17:03'
System info: host: 'fv-az357-439', ip: '10.1.0.72', os.name: 'Linux', os.arch: 'amd64', os.version: '5.15.0-1034-azure', java.version: '1.8.0_362'
Driver info: org.openqa.selenium.remote.RemoteWebDriver
Capabilities {acceptInsecureCerts: false, browserName: chrome, browserVersion: 110.0.5481.177, chrome: {chromedriverVersion: 110.0.5481.77 (65ed616c6e8e..., userDataDir: /tmp/.com.google.Chrome.ruuj1q}, goog:chromeOptions: {debuggerAddress: localhost:40929}, javascriptEnabled: true, networkConnectionEnabled: false, pageLoadStrategy: normal, platform: LINUX, platformName: LINUX, proxy: Proxy(), se:bidiEnabled: false, se:cdp: ws://172.18.0.2:4444/sessio..., se:cdpVersion: 110.0.5481.177, se:vnc: ws://172.18.0.2:4444/sessio..., se:vncEnabled: true, se:vncLocalAddress: ws://172.18.0.2:7900, setWindowRect: true, strictFileInteractability: false, timeouts: {implicit: 0, pageLoad: 300000, script: 30000}, unhandledPromptBehavior: dismiss and notify, webauthn:extension:credBlob: true, webauthn:extension:largeBlob: true, webauthn:virtualAuthenticators: true}
Session ID: 4522646d2e2555729cd5018ce73eed28
Build info: version: '3.141.59', revision: 'e82be7d358', time: '2018-11-14T08:17:03'
System info: host: 'fv-az357-439', ip: '10.1.0.72', os.name: 'Linux', os.arch: 'amd64', os.version: '5.15.0-1034-azure', java.version: '1.8.0_362'
Driver info: driver.version: unknown
org.openelisglobal.qaframework.automation.page.Page.findElement(Page.java:188)
org.openelisglobal.qaframework.automation.page.Page.setText(Page.java:228)
org.openelisglobal.qaframework.automation.page.TestManagementPage.enterTestNameInEnglish(TestManagementPage.java:179)
org.openelisglobal.qaframework.automation.TestManagementSteps.userEntersTestNameInEnglish(TestManagementSteps.java:116)
✽.User enters test name "GlucoseCancelEng" in English(file:///home/runner/work/openelis-qaframework/openelis-qaframework/src/features/openelis/testManagement.feature:78)
</system-err></testcase><testcase name="Add new tests"><error message="no such element: Unable to locate element: {&quot;method&quot;:&quot;css selector&quot;,&quot;selector&quot;:&quot;#testNameEnglish&quot;}&#10;  (Session info: chrome=110.0.5481.177)&#10;For documentation on this error, please visit: https://www.seleniumhq.org/exceptions/no_such_element.html&#10;Build info: version: '3.141.59', revision: 'e82be7d358', time: '2018-11-14T08:17:03'&#10;System info: host: 'fv-az357-439', ip: '10.1.0.72', os.name: 'Linux', os.arch: 'amd64', os.version: '5.15.0-1034-azure', java.version: '1.8.0_362'&#10;Driver info: org.openqa.selenium.remote.RemoteWebDriver&#10;Capabilities {acceptInsecureCerts: false, browserName: chrome, browserVersion: 110.0.5481.177, chrome: {chromedriverVersion: 110.0.5481.77 (65ed616c6e8e..., userDataDir: /tmp/.com.google.Chrome.4PM2N1}, goog:chromeOptions: {debuggerAddress: localhost:37939}, javascriptEnabled: true, networkConnectionEnabled: false, pageLoadStrategy: normal, platform: LINUX, platformName: LINUX, proxy: Proxy(), se:bidiEnabled: false, se:cdp: ws://172.18.0.2:4444/sessio..., se:cdpVersion: 110.0.5481.177, se:vnc: ws://172.18.0.2:4444/sessio..., se:vncEnabled: true, se:vncLocalAddress: ws://172.18.0.2:7900, setWindowRect: true, strictFileInteractability: false, timeouts: {implicit: 0, pageLoad: 300000, script: 30000}, unhandledPromptBehavior: dismiss and notify, webauthn:extension:credBlob: true, webauthn:extension:largeBlob: true, webauthn:virtualAuthenticators: true}&#10;Session ID: 26eb55bf5adee8522f772840dd034e88&#10;*** Element info: {Using=id, value=testNameEnglish}&#10;For documentation on this error, please visit: https://www.seleniumhq.org/exceptions/no_such_element.html&#10;Build info: version: '3.141.59', revision: 'e82be7d358', time: '2018-11-14T08:17:03'&#10;System info: host: 'fv-az357-439', ip: '10.1.0.72', os.name: 'Linux', os.arch: 'amd64', os.version: '5.15.0-1034-azure', java.version: '1.8.0_362'&#10;Driver info: driver.version: unknown" type="org.openqa.selenium.NoSuchElementException">no such element: Unable to locate element: {"method":"css selector","selector":"#testNameEnglish"}
  (Session info: chrome=110.0.5481.177)
For documentation on this error, please visit: https://www.seleniumhq.org/exceptions/no_such_element.html
Build info: version: '3.141.59', revision: 'e82be7d358', time: '2018-11-14T08:17:03'
System info: host: 'fv-az357-439', ip: '10.1.0.72', os.name: 'Linux', os.arch: 'amd64', os.version: '5.15.0-1034-azure', java.version: '1.8.0_362'
Driver info: org.openqa.selenium.remote.RemoteWebDriver
Capabilities {acceptInsecureCerts: false, browserName: chrome, browserVersion: 110.0.5481.177, chrome: {chromedriverVersion: 110.0.5481.77 (65ed616c6e8e..., userDataDir: /tmp/.com.google.Chrome.4PM2N1}, goog:chromeOptions: {debuggerAddress: localhost:37939}, javascriptEnabled: true, networkConnectionEnabled: false, pageLoadStrategy: normal, platform: LINUX, platformName: LINUX, proxy: Proxy(), se:bidiEnabled: false, se:cdp: ws://172.18.0.2:4444/sessio..., se:cdpVersion: 110.0.5481.177, se:vnc: ws://172.18.0.2:4444/sessio..., se:vncEnabled: true, se:vncLocalAddress: ws://172.18.0.2:7900, setWindowRect: true, strictFileInteractability: false, timeouts: {implicit: 0, pageLoad: 300000, script: 30000}, unhandledPromptBehavior: dismiss and notify, webauthn:extension:credBlob: true, webauthn:extension:largeBlob: true, webauthn:virtualAuthenticators: true}
Session ID: 26eb55bf5adee8522f772840dd034e88
*** Element info: {Using=id, value=testNameEnglish}
For documentation on this error, please visit: https://www.seleniumhq.org/exceptions/no_such_element.html
Build info: version: '3.141.59', revision: 'e82be7d358', time: '2018-11-14T08:17:03'
System info: host: 'fv-az357-439', ip: '10.1.0.72', os.name: 'Linux', os.arch: 'amd64', os.version: '5.15.0-1034-azure', java.version: '1.8.0_362'
Driver info: driver.version: unknown</error><system-err>no such element: Unable to locate element: {"method":"css selector","selector":"#testNameEnglish"}
  (Session info: chrome=110.0.5481.177)
For documentation on this error, please visit: https://www.seleniumhq.org/exceptions/no_such_element.html
Build info: version: '3.141.59', revision: 'e82be7d358', time: '2018-11-14T08:17:03'
System info: host: 'fv-az357-439', ip: '10.1.0.72', os.name: 'Linux', os.arch: 'amd64', os.version: '5.15.0-1034-azure', java.version: '1.8.0_362'
Driver info: org.openqa.selenium.remote.RemoteWebDriver
Capabilities {acceptInsecureCerts: false, browserName: chrome, browserVersion: 110.0.5481.177, chrome: {chromedriverVersion: 110.0.5481.77 (65ed616c6e8e..., userDataDir: /tmp/.com.google.Chrome.4PM2N1}, goog:chromeOptions: {debuggerAddress: localhost:37939}, javascriptEnabled: true, networkConnectionEnabled: false, pageLoadStrategy: normal, platform: LINUX, platformName: LINUX, proxy: Proxy(), se:bidiEnabled: false, se:cdp: ws://172.18.0.2:4444/sessio..., se:cdpVersion: 110.0.5481.177, se:vnc: ws://172.18.0.2:4444/sessio..., se:vncEnabled: true, se:vncLocalAddress: ws://172.18.0.2:7900, setWindowRect: true, strictFileInteractability: false, timeouts: {implicit: 0, pageLoad: 300000, script: 30000}, unhandledPromptBehavior: dismiss and notify, webauthn:extension:credBlob: true, webauthn:extension:largeBlob: true, webauthn:virtualAuthenticators: true}
Session ID: 26eb55bf5adee8522f772840dd034e88
*** Element info: {Using=id, value=testNameEnglish}
For documentation on this error, please visit: https://www.seleniumhq.org/exceptions/no_such_element.html
Build info: version: '3.141.59', revision: 'e82be7d358', time: '2018-11-14T08:17:03'
System info: host: 'fv-az357-439', ip: '10.1.0.72', os.name: 'Linux', os.arch: 'amd64', os.version: '5.15.0-1034-azure', java.version: '1.8.0_362'
Driver info: driver.version: unknown
org.openelisglobal.qaframework.automation.page.Page.findElement(Page.java:188)
org.openelisglobal.qaframework.automation.page.Page.hasElement(Page.java:474)
org.openelisglobal.qaframework.automation.page.TestManagementPage.testEnglishNameFieldExists(TestManagementPage.java:224)
org.openelisglobal.qaframework.automation.TestManagementSteps.userClicksOnAcceptButton(TestManagementSteps.java:304)
io.cucumber.java.Invoker.doInvoke(Invoker.java:66)
io.cucumber.java.Invoker.invoke(Invoker.java:24)
io.cucumber.java.AbstractGlueDefinition.invokeMethod(AbstractGlueDefinition.java:47)
io.cucumber.java.JavaStepDefinition.execute(JavaStepDefinition.java:29)
io.cucumber.core.runner.CoreStepDefinition.execute(CoreStepDefinition.java:66)
io.cucumber.core.runner.PickleStepDefinitionMatch.runStep(PickleStepDefinitionMatch.java:63)
io.cucumber.core.runner.TestStep.executeStep(TestStep.java:92)
io.cucumber.core.runner.TestStep.run(TestStep.java:64)
io.cucumber.core.runner.PickleStepTestStep.run(PickleStepTestStep.java:51)
io.cucumber.core.runner.TestCase.run(TestCase.java:104)
io.cucumber.core.runner.Runner.runPickle(Runner.java:73)
io.cucumber.junit.FeatureRunner.runChild(FeatureRunner.java:135)
io.cucumber.junit.FeatureRunner.runChild(FeatureRunner.java:27)
io.cucumber.junit.CucumberSerenityRunner.runChild(CucumberSerenityRunner.java:258)
io.cucumber.junit.CucumberSerenityRunner.runChild(CucumberSerenityRunner.java:57)
</system-err></testcase><testcase name="Verify Added new testName"><failure type="java.lang.AssertionError"/><system-err>null
org.openelisglobal.qaframework.automation.TestManagementSteps.userSearchesTestNameFromTheAvailableTests(TestManagementSteps.java:327)
✽.User Searches TestName "gastric fluid analysis" from the available Tests(file:///home/runner/work/openelis-qaframework/openelis-qaframework/src/features/openelis/testManagement.feature:116)
</system-err></testcase><testcase name="Modify test details"><error message="Expected condition failed: waiting for visibility of element located by By.id: acceptButton (tried for 50 second(s) with 500 milliseconds interval)&#10;Build info: version: '3.141.59', revision: 'e82be7d358', time: '2018-11-14T08:17:03'&#10;System info: host: 'fv-az357-439', ip: '10.1.0.72', os.name: 'Linux', os.arch: 'amd64', os.version: '5.15.0-1034-azure', java.version: '1.8.0_362'&#10;Driver info: org.openqa.selenium.remote.RemoteWebDriver&#10;Capabilities {acceptInsecureCerts: false, browserName: chrome, browserVersion: 110.0.5481.177, chrome: {chromedriverVersion: 110.0.5481.77 (65ed616c6e8e..., userDataDir: /tmp/.com.google.Chrome.JYKpvj}, goog:chromeOptions: {debuggerAddress: localhost:45483}, javascriptEnabled: true, networkConnectionEnabled: false, pageLoadStrategy: normal, platform: LINUX, platformName: LINUX, proxy: Proxy(), se:bidiEnabled: false, se:cdp: ws://172.18.0.2:4444/sessio..., se:cdpVersion: 110.0.5481.177, se:vnc: ws://172.18.0.2:4444/sessio..., se:vncEnabled: true, se:vncLocalAddress: ws://172.18.0.2:7900, setWindowRect: true, strictFileInteractability: false, timeouts: {implicit: 0, pageLoad: 300000, script: 30000}, unhandledPromptBehavior: dismiss and notify, webauthn:extension:credBlob: true, webauthn:extension:largeBlob: true, webauthn:virtualAuthenticators: true}&#10;Session ID: 017a0d671ac48b012729757da9e16bce&#10;Build info: version: '3.141.59', revision: 'e82be7d358', time: '2018-11-14T08:17:03'&#10;System info: host: 'fv-az357-439', ip: '10.1.0.72', os.name: 'Linux', os.arch: 'amd64', os.version: '5.15.0-1034-azure', java.version: '1.8.0_362'&#10;Driver info: driver.version: unknown" type="org.openqa.selenium.TimeoutException">Expected condition failed: waiting for visibility of element located by By.id: acceptButton (tried for 50 second(s) with 500 milliseconds interval)
Build info: version: '3.141.59', revision: 'e82be7d358', time: '2018-11-14T08:17:03'
System info: host: 'fv-az357-439', ip: '10.1.0.72', os.name: 'Linux', os.arch: 'amd64', os.version: '5.15.0-1034-azure', java.version: '1.8.0_362'
Driver info: org.openqa.selenium.remote.RemoteWebDriver
Capabilities {acceptInsecureCerts: false, browserName: chrome, browserVersion: 110.0.5481.177, chrome: {chromedriverVersion: 110.0.5481.77 (65ed616c6e8e..., userDataDir: /tmp/.com.google.Chrome.JYKpvj}, goog:chromeOptions: {debuggerAddress: localhost:45483}, javascriptEnabled: true, networkConnectionEnabled: false, pageLoadStrategy: normal, platform: LINUX, platformName: LINUX, proxy: Proxy(), se:bidiEnabled: false, se:cdp: ws://172.18.0.2:4444/sessio..., se:cdpVersion: 110.0.5481.177, se:vnc: ws://172.18.0.2:4444/sessio..., se:vncEnabled: true, se:vncLocalAddress: ws://172.18.0.2:7900, setWindowRect: true, strictFileInteractability: false, timeouts: {implicit: 0, pageLoad: 300000, script: 30000}, unhandledPromptBehavior: dismiss and notify, webauthn:extension:credBlob: true, webauthn:extension:largeBlob: true, webauthn:virtualAuthenticators: true}
Session ID: 017a0d671ac48b012729757da9e16bce
Build info: version: '3.141.59', revision: 'e82be7d358', time: '2018-11-14T08:17:03'
System info: host: 'fv-az357-439', ip: '10.1.0.72', os.name: 'Linux', os.arch: 'amd64', os.version: '5.15.0-1034-azure', java.version: '1.8.0_362'
Driver info: driver.version: unknown</error><system-err>Expected condition failed: waiting for visibility of element located by By.id: acceptButton (tried for 50 second(s) with 500 milliseconds interval)
Build info: version: '3.141.59', revision: 'e82be7d358', time: '2018-11-14T08:17:03'
System info: host: 'fv-az357-439', ip: '10.1.0.72', os.name: 'Linux', os.arch: 'amd64', os.version: '5.15.0-1034-azure', java.version: '1.8.0_362'
Driver info: org.openqa.selenium.remote.RemoteWebDriver
Capabilities {acceptInsecureCerts: false, browserName: chrome, browserVersion: 110.0.5481.177, chrome: {chromedriverVersion: 110.0.5481.77 (65ed616c6e8e..., userDataDir: /tmp/.com.google.Chrome.JYKpvj}, goog:chromeOptions: {debuggerAddress: localhost:45483}, javascriptEnabled: true, networkConnectionEnabled: false, pageLoadStrategy: normal, platform: LINUX, platformName: LINUX, proxy: Proxy(), se:bidiEnabled: false, se:cdp: ws://172.18.0.2:4444/sessio..., se:cdpVersion: 110.0.5481.177, se:vnc: ws://172.18.0.2:4444/sessio..., se:vncEnabled: true, se:vncLocalAddress: ws://172.18.0.2:7900, setWindowRect: true, strictFileInteractability: false, timeouts: {implicit: 0, pageLoad: 300000, script: 30000}, unhandledPromptBehavior: dismiss and notify, webauthn:extension:credBlob: true, webauthn:extension:largeBlob: true, webauthn:virtualAuthenticators: true}
Session ID: 017a0d671ac48b012729757da9e16bce
Build info: version: '3.141.59', revision: 'e82be7d358', time: '2018-11-14T08:17:03'
System info: host: 'fv-az357-439', ip: '10.1.0.72', os.name: 'Linux', os.arch: 'amd64', os.version: '5.15.0-1034-azure', java.version: '1.8.0_362'
Driver info: driver.version: unknown
org.openelisglobal.qaframework.automation.page.Page.findElement(Page.java:188)
org.openelisglobal.qaframework.automation.page.Page.hasElement(Page.java:474)
org.openelisglobal.qaframework.automation.page.TestManagementPage.acceptButtonExists(TestManagementPage.java:399)
org.openelisglobal.qaframework.automation.TestManagementSteps.userClicksClickOnNextButtonAfterEnteringResultRanges(TestManagementSteps.java:447)
✽.User clicks Click on Next button after entering Result ranges(file:///home/runner/work/openelis-qaframework/openelis-qaframework/src/features/openelis/testManagement.feature:144)
</system-err></testcase></testsuite>