<?xml version="1.0" encoding="UTF-8"?><testsuite errors="2" failures="0" name="Test Management Feature" skipped="0" tests="5" time="160.79" timestamp="2023-02-24 12:27:44"><testcase name="Validate list items in Test Management menu"/><testcase name="Open Rename Existing Test Names page"><error message="Expected condition failed: waiting for visibility of element located by By.name: nameEnglish (tried for 50 second(s) with 500 milliseconds interval)&#10;Build info: version: '3.141.59', revision: 'e82be7d358', time: '2018-11-14T08:17:03'&#10;System info: host: 'fv-az440-41', ip: '10.1.0.80', os.name: 'Linux', os.arch: 'amd64', os.version: '5.15.0-1033-azure', java.version: '1.8.0_362'&#10;Driver info: org.openqa.selenium.remote.RemoteWebDriver&#10;Capabilities {acceptInsecureCerts: false, browserName: chrome, browserVersion: 110.0.5481.100, chrome: {chromedriverVersion: 110.0.5481.77 (65ed616c6e8e..., userDataDir: /tmp/.com.google.Chrome.8RsTmu}, goog:chromeOptions: {debuggerAddress: localhost:40869}, javascriptEnabled: true, networkConnectionEnabled: false, pageLoadStrategy: normal, platform: LINUX, platformName: LINUX, proxy: Proxy(), se:bidiEnabled: false, se:cdp: ws://172.18.0.2:4444/sessio..., se:cdpVersion: 110.0.5481.100, se:vnc: ws://172.18.0.2:4444/sessio..., se:vncEnabled: true, se:vncLocalAddress: ws://172.18.0.2:7900, setWindowRect: true, strictFileInteractability: false, timeouts: {implicit: 0, pageLoad: 300000, script: 30000}, unhandledPromptBehavior: dismiss and notify, webauthn:extension:credBlob: true, webauthn:extension:largeBlob: true, webauthn:virtualAuthenticators: true}&#10;Session ID: 92131e6d7009b6731e4c682076ef800e&#10;Build info: version: '3.141.59', revision: 'e82be7d358', time: '2018-11-14T08:17:03'&#10;System info: host: 'fv-az440-41', ip: '10.1.0.80', os.name: 'Linux', os.arch: 'amd64', os.version: '5.15.0-1033-azure', java.version: '1.8.0_362'&#10;Driver info: driver.version: unknown" type="org.openqa.selenium.TimeoutException">Expected condition failed: waiting for visibility of element located by By.name: nameEnglish (tried for 50 second(s) with 500 milliseconds interval)
Build info: version: '3.141.59', revision: 'e82be7d358', time: '2018-11-14T08:17:03'
System info: host: 'fv-az440-41', ip: '10.1.0.80', os.name: 'Linux', os.arch: 'amd64', os.version: '5.15.0-1033-azure', java.version: '1.8.0_362'
Driver info: org.openqa.selenium.remote.RemoteWebDriver
Capabilities {acceptInsecureCerts: false, browserName: chrome, browserVersion: 110.0.5481.100, chrome: {chromedriverVersion: 110.0.5481.77 (65ed616c6e8e..., userDataDir: /tmp/.com.google.Chrome.8RsTmu}, goog:chromeOptions: {debuggerAddress: localhost:40869}, javascriptEnabled: true, networkConnectionEnabled: false, pageLoadStrategy: normal, platform: LINUX, platformName: LINUX, proxy: Proxy(), se:bidiEnabled: false, se:cdp: ws://172.18.0.2:4444/sessio..., se:cdpVersion: 110.0.5481.100, se:vnc: ws://172.18.0.2:4444/sessio..., se:vncEnabled: true, se:vncLocalAddress: ws://172.18.0.2:7900, setWindowRect: true, strictFileInteractability: false, timeouts: {implicit: 0, pageLoad: 300000, script: 30000}, unhandledPromptBehavior: dismiss and notify, webauthn:extension:credBlob: true, webauthn:extension:largeBlob: true, webauthn:virtualAuthenticators: true}
Session ID: 92131e6d7009b6731e4c682076ef800e
Build info: version: '3.141.59', revision: 'e82be7d358', time: '2018-11-14T08:17:03'
System info: host: 'fv-az440-41', ip: '10.1.0.80', os.name: 'Linux', os.arch: 'amd64', os.version: '5.15.0-1033-azure', java.version: '1.8.0_362'
Driver info: driver.version: unknown</error><system-err>Expected condition failed: waiting for visibility of element located by By.name: nameEnglish (tried for 50 second(s) with 500 milliseconds interval)
Build info: version: '3.141.59', revision: 'e82be7d358', time: '2018-11-14T08:17:03'
System info: host: 'fv-az440-41', ip: '10.1.0.80', os.name: 'Linux', os.arch: 'amd64', os.version: '5.15.0-1033-azure', java.version: '1.8.0_362'
Driver info: org.openqa.selenium.remote.RemoteWebDriver
Capabilities {acceptInsecureCerts: false, browserName: chrome, browserVersion: 110.0.5481.100, chrome: {chromedriverVersion: 110.0.5481.77 (65ed616c6e8e..., userDataDir: /tmp/.com.google.Chrome.8RsTmu}, goog:chromeOptions: {debuggerAddress: localhost:40869}, javascriptEnabled: true, networkConnectionEnabled: false, pageLoadStrategy: normal, platform: LINUX, platformName: LINUX, proxy: Proxy(), se:bidiEnabled: false, se:cdp: ws://172.18.0.2:4444/sessio..., se:cdpVersion: 110.0.5481.100, se:vnc: ws://172.18.0.2:4444/sessio..., se:vncEnabled: true, se:vncLocalAddress: ws://172.18.0.2:7900, setWindowRect: true, strictFileInteractability: false, timeouts: {implicit: 0, pageLoad: 300000, script: 30000}, unhandledPromptBehavior: dismiss and notify, webauthn:extension:credBlob: true, webauthn:extension:largeBlob: true, webauthn:virtualAuthenticators: true}
Session ID: 92131e6d7009b6731e4c682076ef800e
Build info: version: '3.141.59', revision: 'e82be7d358', time: '2018-11-14T08:17:03'
System info: host: 'fv-az440-41', ip: '10.1.0.80', os.name: 'Linux', os.arch: 'amd64', os.version: '5.15.0-1033-azure', java.version: '1.8.0_362'
Driver info: driver.version: unknown
org.openelisglobal.qaframework.automation.page.Page.findElement(Page.java:188)
org.openelisglobal.qaframework.automation.page.Page.setText(Page.java:228)
org.openelisglobal.qaframework.automation.page.TestManagementPage.enterTestNameInEnglish(TestManagementPage.java:103)
org.openelisglobal.qaframework.automation.TestManagementSteps.userEntersTestNameInEnglish(TestManagementSteps.java:110)
✽.User enters test name "GlucoseENG" in English(file:///home/runner/work/openelis-qaframework/openelis-qaframework/src/features/openelis/testManagement.feature:37)
</system-err></testcase><testcase name="User rejects the testName updates"/><testcase name="User cancels the testName updates"/></testsuite>