<?xml version="1.0" encoding="UTF-8"?><testsuite errors="1" failures="0" name="Test Management Feature" skipped="0" tests="10" time="169.13" timestamp="2023-07-22 09:04:00"><testcase name="Validate list items in Test Management menu"/><testcase name="Open Rename Existing Test Names page"/><testcase name="User rejects the testName updates"/><testcase name="User cancels the testName updates"/><testcase name="Add new tests"/><testcase name="Verify Added new testName"/><testcase name="Modify test details"><error message="Expected condition failed: waiting for visibility of element located by By.id: editResultLimitsButton (tried for 5 second(s) with 500 milliseconds interval)&#10;Build info: version: '3.141.59', revision: 'e82be7d358', time: '2018-11-14T08:17:03'&#10;System info: host: 'fv-az1241-947', ip: '10.1.0.29', os.name: 'Linux', os.arch: 'amd64', os.version: '5.15.0-1041-azure', java.version: '1.8.0_382'&#10;Driver info: org.openqa.selenium.remote.RemoteWebDriver&#10;Capabilities {acceptInsecureCerts: false, browserName: chrome, browserVersion: 114.0.5735.133, chrome: {chromedriverVersion: 114.0.5735.90 (386bc09e8f4f..., userDataDir: /tmp/.com.google.Chrome.y5Jb12}, goog:chromeOptions: {debuggerAddress: localhost:45137}, javascriptEnabled: true, networkConnectionEnabled: false, pageLoadStrategy: normal, platform: LINUX, platformName: LINUX, proxy: Proxy(), se:bidiEnabled: false, se:cdp: ws://172.18.0.2:4444/sessio..., se:cdpVersion: 114.0.5735.133, se:vnc: ws://172.18.0.2:4444/sessio..., se:vncEnabled: true, se:vncLocalAddress: ws://172.18.0.2:7900, setWindowRect: true, strictFileInteractability: false, timeouts: {implicit: 0, pageLoad: 300000, script: 30000}, unhandledPromptBehavior: dismiss and notify, webauthn:extension:credBlob: true, webauthn:extension:largeBlob: true, webauthn:extension:minPinLength: true, webauthn:extension:prf: true, webauthn:virtualAuthenticators: true}&#10;Session ID: e9c34cd61a13ad0c9408e0d1e8727125&#10;Build info: version: '3.141.59', revision: 'e82be7d358', time: '2018-11-14T08:17:03'&#10;System info: host: 'fv-az1241-947', ip: '10.1.0.29', os.name: 'Linux', os.arch: 'amd64', os.version: '5.15.0-1041-azure', java.version: '1.8.0_382'&#10;Driver info: driver.version: unknown" type="org.openqa.selenium.TimeoutException">Expected condition failed: waiting for visibility of element located by By.id: editResultLimitsButton (tried for 5 second(s) with 500 milliseconds interval)
Build info: version: '3.141.59', revision: 'e82be7d358', time: '2018-11-14T08:17:03'
System info: host: 'fv-az1241-947', ip: '10.1.0.29', os.name: 'Linux', os.arch: 'amd64', os.version: '5.15.0-1041-azure', java.version: '1.8.0_382'
Driver info: org.openqa.selenium.remote.RemoteWebDriver
Capabilities {acceptInsecureCerts: false, browserName: chrome, browserVersion: 114.0.5735.133, chrome: {chromedriverVersion: 114.0.5735.90 (386bc09e8f4f..., userDataDir: /tmp/.com.google.Chrome.y5Jb12}, goog:chromeOptions: {debuggerAddress: localhost:45137}, javascriptEnabled: true, networkConnectionEnabled: false, pageLoadStrategy: normal, platform: LINUX, platformName: LINUX, proxy: Proxy(), se:bidiEnabled: false, se:cdp: ws://172.18.0.2:4444/sessio..., se:cdpVersion: 114.0.5735.133, se:vnc: ws://172.18.0.2:4444/sessio..., se:vncEnabled: true, se:vncLocalAddress: ws://172.18.0.2:7900, setWindowRect: true, strictFileInteractability: false, timeouts: {implicit: 0, pageLoad: 300000, script: 30000}, unhandledPromptBehavior: dismiss and notify, webauthn:extension:credBlob: true, webauthn:extension:largeBlob: true, webauthn:extension:minPinLength: true, webauthn:extension:prf: true, webauthn:virtualAuthenticators: true}
Session ID: e9c34cd61a13ad0c9408e0d1e8727125
Build info: version: '3.141.59', revision: 'e82be7d358', time: '2018-11-14T08:17:03'
System info: host: 'fv-az1241-947', ip: '10.1.0.29', os.name: 'Linux', os.arch: 'amd64', os.version: '5.15.0-1041-azure', java.version: '1.8.0_382'
Driver info: driver.version: unknown</error><system-err>Expected condition failed: waiting for visibility of element located by By.id: editResultLimitsButton (tried for 5 second(s) with 500 milliseconds interval)
Build info: version: '3.141.59', revision: 'e82be7d358', time: '2018-11-14T08:17:03'
System info: host: 'fv-az1241-947', ip: '10.1.0.29', os.name: 'Linux', os.arch: 'amd64', os.version: '5.15.0-1041-azure', java.version: '1.8.0_382'
Driver info: org.openqa.selenium.remote.RemoteWebDriver
Capabilities {acceptInsecureCerts: false, browserName: chrome, browserVersion: 114.0.5735.133, chrome: {chromedriverVersion: 114.0.5735.90 (386bc09e8f4f..., userDataDir: /tmp/.com.google.Chrome.y5Jb12}, goog:chromeOptions: {debuggerAddress: localhost:45137}, javascriptEnabled: true, networkConnectionEnabled: false, pageLoadStrategy: normal, platform: LINUX, platformName: LINUX, proxy: Proxy(), se:bidiEnabled: false, se:cdp: ws://172.18.0.2:4444/sessio..., se:cdpVersion: 114.0.5735.133, se:vnc: ws://172.18.0.2:4444/sessio..., se:vncEnabled: true, se:vncLocalAddress: ws://172.18.0.2:7900, setWindowRect: true, strictFileInteractability: false, timeouts: {implicit: 0, pageLoad: 300000, script: 30000}, unhandledPromptBehavior: dismiss and notify, webauthn:extension:credBlob: true, webauthn:extension:largeBlob: true, webauthn:extension:minPinLength: true, webauthn:extension:prf: true, webauthn:virtualAuthenticators: true}
Session ID: e9c34cd61a13ad0c9408e0d1e8727125
Build info: version: '3.141.59', revision: 'e82be7d358', time: '2018-11-14T08:17:03'
System info: host: 'fv-az1241-947', ip: '10.1.0.29', os.name: 'Linux', os.arch: 'amd64', os.version: '5.15.0-1041-azure', java.version: '1.8.0_382'
Driver info: driver.version: unknown
org.openelisglobal.qaframework.automation.page.Page.findElement(Page.java:188)
org.openelisglobal.qaframework.automation.page.Page.clickOn(Page.java:266)
org.openelisglobal.qaframework.automation.page.TestManagementPage.clickEditResultRangesButton(TestManagementPage.java:381)
org.openelisglobal.qaframework.automation.TestManagementSteps.clickOnEditResultRangesButton(TestManagementSteps.java:429)
✽.Click on Edit Result Ranges button "Numeric"(file:///home/runner/work/openelis-qaframework/openelis-qaframework/src/features/openelis/testManagement.feature:142)
</system-err></testcase></testsuite>