<?xml version="1.0" encoding="UTF-8"?><testsuite errors="0" failures="0" name="Test Management Feature" skipped="0" tests="10" time="163.88" timestamp="2023-07-24 10:15:23"><testcase name="Validate list items in Test Management menu"/><testcase name="Open Rename Existing Test Names page"/><testcase name="User rejects the testName updates"/><testcase name="User cancels the testName updates"/><testcase name="Add new tests"/><testcase name="Verify Added new testName"/><testcase name="Modify test details"/></testsuite>